<?xml version="1.0" encoding="UTF-8"?>
<!-- Generated by org.testng.reporters.JUnitXMLReporter -->
<testsuite hostname="MEGHA-PC" name="DemoTest" tests="2" failures="1" timestamp="19 May 2020 13:11:43 GMT" time="0.033" errors="0">
  <testcase name="TC1" time="0.012" classname="com.ListenersTestNG.DemoTest"/>
  <testcase name="TC2" time="0.002" classname="com.ListenersTestNG.DemoTest">
    <failure type="java.lang.AssertionError" message="expected [singh] but found [megha]">
      <![CDATA[java.lang.AssertionError: expected [singh] but found [megha]
	at com.ListenersTestNG.DemoTest.TC2(DemoTest.java:19)
... Removed 30 stack frames]]>
    </failure>
  </testcase> <!-- TC2 -->
</testsuite> <!-- DemoTest -->
